{"D:\\testProjects\\todoList\\src\\index.js": {"path":"D:\\testProjects\\todoList\\src\\index.js","statementMap":{"0":{"start":{"line":1,"column":0},"end":{"line":null,"column":-1}},"1":{"start":{"line":2,"column":0},"end":{"line":null,"column":-1}},"2":{"start":{"line":3,"column":0},"end":{"line":null,"column":-1}},"3":{"start":{"line":4,"column":0},"end":{"line":null,"column":-1}},"4":{"start":{"line":6,"column":0},"end":{"line":null,"column":-1}}},"fnMap":{},"branchMap":{},"s":{"0":0,"1":0,"2":0,"3":0,"4":0},"f":{},"b":{}}
,"D:\\testProjects\\todoList\\src\\apis\\TodoApis.js": {"path":"D:\\testProjects\\todoList\\src\\apis\\TodoApis.js","statementMap":{"0":{"start":{"line":4,"column":2},"end":{"line":4,"column":46}},"1":{"start":{"line":7,"column":2},"end":{"line":7,"column":51}},"2":{"start":{"line":10,"column":2},"end":{"line":10,"column":55}},"3":{"start":{"line":13,"column":2},"end":{"line":13,"column":60}}},"fnMap":{"0":{"name":"getAllTodos","decl":{"start":{"line":3,"column":16},"end":{"line":3,"column":27}},"loc":{"start":{"line":3,"column":30},"end":{"line":5,"column":1}},"line":3},"1":{"name":"addTodo","decl":{"start":{"line":6,"column":16},"end":{"line":6,"column":23}},"loc":{"start":{"line":6,"column":30},"end":{"line":8,"column":1}},"line":6},"2":{"name":"deleteTodo","decl":{"start":{"line":9,"column":16},"end":{"line":9,"column":26}},"loc":{"start":{"line":9,"column":31},"end":{"line":11,"column":1}},"line":9},"3":{"name":"changeTodoStatus","decl":{"start":{"line":12,"column":16},"end":{"line":12,"column":32}},"loc":{"start":{"line":12,"column":45},"end":{"line":14,"column":1}},"line":12}},"branchMap":{},"s":{"0":4,"1":1,"2":1,"3":1},"f":{"0":4,"1":1,"2":1,"3":1},"b":{},"_coverageSchema":"332fd63041d2c1bcb487cc26dd0d5f7d97098a6c","hash":"80c53e60014db5a4d5f852c64ca0265a4abebdde"}
,"D:\\testProjects\\todoList\\src\\components\\App.js": {"path":"D:\\testProjects\\todoList\\src\\components\\App.js","statementMap":{"0":{"start":{"line":1,"column":0},"end":{"line":null,"column":-1}},"1":{"start":{"line":2,"column":0},"end":{"line":null,"column":-1}},"2":{"start":{"line":3,"column":0},"end":{"line":null,"column":-1}},"3":{"start":{"line":4,"column":0},"end":{"line":null,"column":-1}},"4":{"start":{"line":5,"column":0},"end":{"line":null,"column":-1}},"5":{"start":{"line":6,"column":0},"end":{"line":null,"column":-1}},"6":{"start":{"line":9,"column":4},"end":{"line":null,"column":-1}}},"fnMap":{},"branchMap":{},"s":{"0":0,"1":0,"2":0,"3":0,"4":0,"5":0,"6":0},"f":{},"b":{}}
,"D:\\testProjects\\todoList\\src\\components\\AddTodo\\AddTodo.js": {"path":"D:\\testProjects\\todoList\\src\\components\\AddTodo\\AddTodo.js","statementMap":{"0":{"start":{"line":12,"column":16},"end":{"line":56,"column":1}},"1":{"start":{"line":19,"column":2},"end":{"line":55,"column":4}}},"fnMap":{"0":{"name":"(anonymous_0)","decl":{"start":{"line":12,"column":16},"end":{"line":12,"column":17}},"loc":{"start":{"line":18,"column":6},"end":{"line":56,"column":1}},"line":18}},"branchMap":{"0":{"loc":{"start":{"line":17,"column":2},"end":{"line":17,"column":20}},"type":"default-arg","locations":[{"start":{"line":17,"column":18},"end":{"line":17,"column":20}}],"line":17}},"s":{"0":1,"1":2},"f":{"0":2},"b":{"0":[2]},"_coverageSchema":"332fd63041d2c1bcb487cc26dd0d5f7d97098a6c","hash":"0f56220e1e821b91da135c8d95449b29d1f3e00c"}
,"D:\\testProjects\\todoList\\src\\components\\AddTodo\\index.js": {"path":"D:\\testProjects\\todoList\\src\\components\\AddTodo\\index.js","statementMap":{},"fnMap":{},"branchMap":{},"s":{},"f":{},"b":{},"_coverageSchema":"332fd63041d2c1bcb487cc26dd0d5f7d97098a6c","hash":"a37869eff709e19f0e27408ead6900abad2cf6e2"}
,"D:\\testProjects\\todoList\\src\\components\\AddTodo\\Hoc\\WithState.js": {"path":"D:\\testProjects\\todoList\\src\\components\\AddTodo\\Hoc\\WithState.js","statementMap":{"0":{"start":{"line":4,"column":21},"end":{"line":7,"column":1}},"1":{"start":{"line":9,"column":27},"end":{"line":14,"column":2}},"2":{"start":{"line":9,"column":36},"end":{"line":14,"column":2}},"3":{"start":{"line":9,"column":46},"end":{"line":14,"column":1}},"4":{"start":{"line":16,"column":24},"end":{"line":21,"column":2}},"5":{"start":{"line":16,"column":33},"end":{"line":21,"column":2}},"6":{"start":{"line":16,"column":40},"end":{"line":21,"column":1}},"7":{"start":{"line":23,"column":25},"end":{"line":25,"column":2}},"8":{"start":{"line":23,"column":34},"end":{"line":25,"column":2}},"9":{"start":{"line":23,"column":44},"end":{"line":25,"column":1}},"10":{"start":{"line":26,"column":18},"end":{"line":30,"column":2}}},"fnMap":{"0":{"name":"(anonymous_0)","decl":{"start":{"line":9,"column":27},"end":{"line":9,"column":28}},"loc":{"start":{"line":9,"column":36},"end":{"line":14,"column":2}},"line":9},"1":{"name":"(anonymous_1)","decl":{"start":{"line":9,"column":36},"end":{"line":9,"column":37}},"loc":{"start":{"line":9,"column":46},"end":{"line":14,"column":1}},"line":9},"2":{"name":"(anonymous_2)","decl":{"start":{"line":16,"column":24},"end":{"line":16,"column":25}},"loc":{"start":{"line":16,"column":33},"end":{"line":21,"column":2}},"line":16},"3":{"name":"(anonymous_3)","decl":{"start":{"line":16,"column":33},"end":{"line":16,"column":34}},"loc":{"start":{"line":16,"column":40},"end":{"line":21,"column":1}},"line":16},"4":{"name":"(anonymous_4)","decl":{"start":{"line":23,"column":25},"end":{"line":23,"column":26}},"loc":{"start":{"line":23,"column":34},"end":{"line":25,"column":2}},"line":23},"5":{"name":"(anonymous_5)","decl":{"start":{"line":23,"column":34},"end":{"line":23,"column":35}},"loc":{"start":{"line":23,"column":44},"end":{"line":25,"column":1}},"line":23}},"branchMap":{},"s":{"0":1,"1":1,"2":0,"3":0,"4":1,"5":0,"6":0,"7":1,"8":0,"9":0,"10":1},"f":{"0":0,"1":0,"2":0,"3":0,"4":0,"5":0},"b":{},"_coverageSchema":"332fd63041d2c1bcb487cc26dd0d5f7d97098a6c","hash":"3c39ebd43bf618a31812746b984d154a13755802"}
,"D:\\testProjects\\todoList\\src\\components\\AddTodo\\Hoc\\WithSubmitTodo.js": {"path":"D:\\testProjects\\todoList\\src\\components\\AddTodo\\Hoc\\WithSubmitTodo.js","statementMap":{"0":{"start":{"line":4,"column":24},"end":{"line":13,"column":1}},"1":{"start":{"line":5,"column":2},"end":{"line":7,"column":3}},"2":{"start":{"line":6,"column":4},"end":{"line":6,"column":11}},"3":{"start":{"line":8,"column":2},"end":{"line":11,"column":5}},"4":{"start":{"line":12,"column":2},"end":{"line":12,"column":20}},"5":{"start":{"line":15,"column":23},"end":{"line":17,"column":2}},"6":{"start":{"line":16,"column":22},"end":{"line":16,"column":50}},"7":{"start":{"line":16,"column":28},"end":{"line":16,"column":50}}},"fnMap":{"0":{"name":"(anonymous_0)","decl":{"start":{"line":4,"column":24},"end":{"line":4,"column":25}},"loc":{"start":{"line":4,"column":88},"end":{"line":13,"column":1}},"line":4},"1":{"name":"(anonymous_1)","decl":{"start":{"line":16,"column":13},"end":{"line":16,"column":14}},"loc":{"start":{"line":16,"column":22},"end":{"line":16,"column":50}},"line":16},"2":{"name":"(anonymous_2)","decl":{"start":{"line":16,"column":22},"end":{"line":16,"column":23}},"loc":{"start":{"line":16,"column":28},"end":{"line":16,"column":50}},"line":16}},"branchMap":{"0":{"loc":{"start":{"line":5,"column":2},"end":{"line":7,"column":3}},"type":"if","locations":[{"start":{"line":5,"column":2},"end":{"line":7,"column":3}},{"start":{"line":5,"column":2},"end":{"line":7,"column":3}}],"line":5}},"s":{"0":1,"1":0,"2":0,"3":0,"4":0,"5":1,"6":0,"7":0},"f":{"0":0,"1":0,"2":0},"b":{"0":[0,0]},"_coverageSchema":"332fd63041d2c1bcb487cc26dd0d5f7d97098a6c","hash":"fc872214a73e8aba025f168809593a51ee9f15b5"}
,"D:\\testProjects\\todoList\\src\\components\\AddTodo\\Hoc\\WithTodoNameError.js": {"path":"D:\\testProjects\\todoList\\src\\components\\AddTodo\\Hoc\\WithTodoNameError.js","statementMap":{"0":{"start":{"line":4,"column":27},"end":{"line":25,"column":1}},"1":{"start":{"line":5,"column":2},"end":{"line":7,"column":3}},"2":{"start":{"line":6,"column":4},"end":{"line":6,"column":11}},"3":{"start":{"line":8,"column":19},"end":{"line":8,"column":21}},"4":{"start":{"line":9,"column":22},"end":{"line":19,"column":3}},"5":{"start":{"line":20,"column":16},"end":{"line":20,"column":67}},"6":{"start":{"line":21,"column":2},"end":{"line":23,"column":3}},"7":{"start":{"line":22,"column":4},"end":{"line":22,"column":36}},"8":{"start":{"line":24,"column":2},"end":{"line":24,"column":20}},"9":{"start":{"line":27,"column":26},"end":{"line":29,"column":3}},"10":{"start":{"line":27,"column":53},"end":{"line":29,"column":1}}},"fnMap":{"0":{"name":"(anonymous_0)","decl":{"start":{"line":4,"column":27},"end":{"line":4,"column":28}},"loc":{"start":{"line":4,"column":39},"end":{"line":25,"column":1}},"line":4},"1":{"name":"(anonymous_1)","decl":{"start":{"line":27,"column":36},"end":{"line":27,"column":37}},"loc":{"start":{"line":27,"column":53},"end":{"line":29,"column":1}},"line":27}},"branchMap":{"0":{"loc":{"start":{"line":5,"column":2},"end":{"line":7,"column":3}},"type":"if","locations":[{"start":{"line":5,"column":2},"end":{"line":7,"column":3}},{"start":{"line":5,"column":2},"end":{"line":7,"column":3}}],"line":5},"1":{"loc":{"start":{"line":21,"column":2},"end":{"line":23,"column":3}},"type":"if","locations":[{"start":{"line":21,"column":2},"end":{"line":23,"column":3}},{"start":{"line":21,"column":2},"end":{"line":23,"column":3}}],"line":21}},"s":{"0":1,"1":2,"2":2,"3":0,"4":0,"5":0,"6":0,"7":0,"8":0,"9":1,"10":2},"f":{"0":2,"1":2},"b":{"0":[2,0],"1":[0,0]},"_coverageSchema":"332fd63041d2c1bcb487cc26dd0d5f7d97098a6c","hash":"721b106cfd678265f287dde3c0c741fc2488b1e5"}
,"D:\\testProjects\\todoList\\src\\components\\AddTodo\\Hoc\\index.js": {"path":"D:\\testProjects\\todoList\\src\\components\\AddTodo\\Hoc\\index.js","statementMap":{},"fnMap":{},"branchMap":{},"s":{},"f":{},"b":{},"_coverageSchema":"332fd63041d2c1bcb487cc26dd0d5f7d97098a6c","hash":"b49d78834dcd6a62a230c7f7747a686087e4c050"}
,"D:\\testProjects\\todoList\\src\\components\\TodoList\\TodoList.js": {"path":"D:\\testProjects\\todoList\\src\\components\\TodoList\\TodoList.js","statementMap":{"0":{"start":{"line":41,"column":17},"end":{"line":61,"column":1}},"1":{"start":{"line":48,"column":2},"end":{"line":60,"column":4}},"2":{"start":{"line":57,"column":8},"end":{"line":57,"column":49}}},"fnMap":{"0":{"name":"(anonymous_0)","decl":{"start":{"line":41,"column":17},"end":{"line":41,"column":18}},"loc":{"start":{"line":47,"column":6},"end":{"line":61,"column":1}},"line":47},"1":{"name":"(anonymous_1)","decl":{"start":{"line":56,"column":26},"end":{"line":56,"column":27}},"loc":{"start":{"line":57,"column":8},"end":{"line":57,"column":49}},"line":57}},"branchMap":{"0":{"loc":{"start":{"line":51,"column":7},"end":{"line":51,"column":40}},"type":"cond-expr","locations":[{"start":{"line":51,"column":24},"end":{"line":51,"column":31}},{"start":{"line":51,"column":34},"end":{"line":51,"column":40}}],"line":51},"1":{"loc":{"start":{"line":53,"column":7},"end":{"line":53,"column":44}},"type":"cond-expr","locations":[{"start":{"line":53,"column":28},"end":{"line":53,"column":35}},{"start":{"line":53,"column":38},"end":{"line":53,"column":44}}],"line":53},"2":{"loc":{"start":{"line":55,"column":7},"end":{"line":55,"column":46}},"type":"cond-expr","locations":[{"start":{"line":55,"column":30},"end":{"line":55,"column":37}},{"start":{"line":55,"column":40},"end":{"line":55,"column":46}}],"line":55}},"s":{"0":1,"1":3,"2":0},"f":{"0":3,"1":0},"b":{"0":[0,3],"1":[0,3],"2":[0,3]},"_coverageSchema":"332fd63041d2c1bcb487cc26dd0d5f7d97098a6c","hash":"ede9715df70a6d881d4e9820e41971adb6035b46"}
,"D:\\testProjects\\todoList\\src\\components\\TodoList\\demo.js": {"path":"D:\\testProjects\\todoList\\src\\components\\TodoList\\demo.js","statementMap":{"0":{"start":{"line":3,"column":0},"end":{"line":null,"column":-1}},"1":{"start":{"line":10,"column":34},"end":{"line":10,"column":33}},"2":{"start":{"line":11,"column":2},"end":{"line":null,"column":-1}}},"fnMap":{"0":{"name":"Demo","decl":{"start":{"line":10,"column":9},"end":{"line":10,"column":0}},"loc":{"start":{"line":10,"column":34},"end":{"line":12,"column":1}}}},"branchMap":{},"s":{"0":0,"1":0,"2":0},"f":{"0":0},"b":{}}
,"D:\\testProjects\\todoList\\src\\components\\TodoList\\index.js": {"path":"D:\\testProjects\\todoList\\src\\components\\TodoList\\index.js","statementMap":{},"fnMap":{},"branchMap":{},"s":{},"f":{},"b":{},"_coverageSchema":"332fd63041d2c1bcb487cc26dd0d5f7d97098a6c","hash":"eea44c32113166a42d451212e39a3f4b04644d6e"}
,"D:\\testProjects\\todoList\\src\\components\\TodoList\\Hoc\\index.js": {"path":"D:\\testProjects\\todoList\\src\\components\\TodoList\\Hoc\\index.js","statementMap":{},"fnMap":{},"branchMap":{},"s":{},"f":{},"b":{},"_coverageSchema":"332fd63041d2c1bcb487cc26dd0d5f7d97098a6c","hash":"5f586513315513526e7a3658a5e3bed3ef6a0dd2"}
,"D:\\testProjects\\todoList\\src\\components\\TodoList\\Hoc\\withLifecycle.js": {"path":"D:\\testProjects\\todoList\\src\\components\\TodoList\\Hoc\\withLifecycle.js","statementMap":{"0":{"start":{"line":3,"column":27},"end":{"line":7,"column":2}},"1":{"start":{"line":5,"column":8},"end":{"line":5,"column":32}}},"fnMap":{},"branchMap":{},"s":{"0":1,"1":3},"f":{},"b":{},"_coverageSchema":"332fd63041d2c1bcb487cc26dd0d5f7d97098a6c","hash":"7d50e8cce3291ea2674043dea18b7e9a19edc6d2"}
,"D:\\testProjects\\todoList\\src\\components\\TodoList\\Hoc\\withProps.js": {"path":"D:\\testProjects\\todoList\\src\\components\\TodoList\\Hoc\\withProps.js","statementMap":{"0":{"start":{"line":4,"column":30},"end":{"line":10,"column":3}},"1":{"start":{"line":4,"column":57},"end":{"line":10,"column":1}}},"fnMap":{"0":{"name":"(anonymous_0)","decl":{"start":{"line":4,"column":39},"end":{"line":4,"column":40}},"loc":{"start":{"line":4,"column":57},"end":{"line":10,"column":1}},"line":4}},"branchMap":{},"s":{"0":1,"1":3},"f":{"0":3},"b":{},"_coverageSchema":"332fd63041d2c1bcb487cc26dd0d5f7d97098a6c","hash":"c37a08d1a0aa39304de4b7de143c3d691eb3812a"}
,"D:\\testProjects\\todoList\\src\\components\\TodoList\\TodoElement\\TodoElement.js": {"path":"D:\\testProjects\\todoList\\src\\components\\TodoList\\TodoElement\\TodoElement.js","statementMap":{"0":{"start":{"line":4,"column":20},"end":{"line":27,"column":1}},"1":{"start":{"line":5,"column":2},"end":{"line":26,"column":4}}},"fnMap":{"0":{"name":"(anonymous_0)","decl":{"start":{"line":4,"column":20},"end":{"line":4,"column":21}},"loc":{"start":{"line":4,"column":59},"end":{"line":27,"column":1}},"line":4}},"branchMap":{},"s":{"0":1,"1":5},"f":{"0":5},"b":{},"_coverageSchema":"332fd63041d2c1bcb487cc26dd0d5f7d97098a6c","hash":"b36114e689a33c72852f9687f61c08c78f1ab2b7"}
,"D:\\testProjects\\todoList\\src\\components\\TodoList\\TodoElement\\index.js": {"path":"D:\\testProjects\\todoList\\src\\components\\TodoList\\TodoElement\\index.js","statementMap":{},"fnMap":{},"branchMap":{},"s":{},"f":{},"b":{},"_coverageSchema":"332fd63041d2c1bcb487cc26dd0d5f7d97098a6c","hash":"e9883fee9149db546960f005ce5559ac08d8ed44"}
,"D:\\testProjects\\todoList\\src\\components\\TodoList\\TodoElement\\Hoc\\index.js": {"path":"D:\\testProjects\\todoList\\src\\components\\TodoList\\TodoElement\\Hoc\\index.js","statementMap":{},"fnMap":{},"branchMap":{},"s":{},"f":{},"b":{},"_coverageSchema":"332fd63041d2c1bcb487cc26dd0d5f7d97098a6c","hash":"0d802888b44ec1636c894def7f1a2227f00eaeee"}
,"D:\\testProjects\\todoList\\src\\components\\TodoList\\TodoElement\\Hoc\\withHandler.js": {"path":"D:\\testProjects\\todoList\\src\\components\\TodoList\\TodoElement\\Hoc\\withHandler.js","statementMap":{"0":{"start":{"line":4,"column":17},"end":{"line":6,"column":1}},"1":{"start":{"line":5,"column":2},"end":{"line":5,"column":32}},"2":{"start":{"line":8,"column":22},"end":{"line":10,"column":1}},"3":{"start":{"line":9,"column":2},"end":{"line":9,"column":55}},"4":{"start":{"line":12,"column":20},"end":{"line":15,"column":2}},"5":{"start":{"line":13,"column":26},"end":{"line":13,"column":52}},"6":{"start":{"line":13,"column":32},"end":{"line":13,"column":52}},"7":{"start":{"line":14,"column":21},"end":{"line":14,"column":42}},"8":{"start":{"line":14,"column":27},"end":{"line":14,"column":42}}},"fnMap":{"0":{"name":"(anonymous_0)","decl":{"start":{"line":4,"column":17},"end":{"line":4,"column":18}},"loc":{"start":{"line":4,"column":31},"end":{"line":6,"column":1}},"line":4},"1":{"name":"(anonymous_1)","decl":{"start":{"line":8,"column":22},"end":{"line":8,"column":23}},"loc":{"start":{"line":8,"column":36},"end":{"line":10,"column":1}},"line":8},"2":{"name":"(anonymous_2)","decl":{"start":{"line":13,"column":17},"end":{"line":13,"column":18}},"loc":{"start":{"line":13,"column":26},"end":{"line":13,"column":52}},"line":13},"3":{"name":"(anonymous_3)","decl":{"start":{"line":13,"column":26},"end":{"line":13,"column":27}},"loc":{"start":{"line":13,"column":32},"end":{"line":13,"column":52}},"line":13},"4":{"name":"(anonymous_4)","decl":{"start":{"line":14,"column":12},"end":{"line":14,"column":13}},"loc":{"start":{"line":14,"column":21},"end":{"line":14,"column":42}},"line":14},"5":{"name":"(anonymous_5)","decl":{"start":{"line":14,"column":21},"end":{"line":14,"column":22}},"loc":{"start":{"line":14,"column":27},"end":{"line":14,"column":42}},"line":14}},"branchMap":{},"s":{"0":1,"1":0,"2":1,"3":0,"4":1,"5":0,"6":0,"7":0,"8":0},"f":{"0":0,"1":0,"2":0,"3":0,"4":0,"5":0},"b":{},"_coverageSchema":"332fd63041d2c1bcb487cc26dd0d5f7d97098a6c","hash":"50aee76aeb50733801ab4d8448b1b271e117fffa"}
,"D:\\testProjects\\todoList\\src\\http\\RestClient.js": {"path":"D:\\testProjects\\todoList\\src\\http\\RestClient.js","statementMap":{"0":{"start":{"line":6,"column":4},"end":{"line":6,"column":43}},"1":{"start":{"line":7,"column":4},"end":{"line":7,"column":16}},"2":{"start":{"line":11,"column":4},"end":{"line":13,"column":6}},"3":{"start":{"line":17,"column":4},"end":{"line":26,"column":7}},"4":{"start":{"line":18,"column":6},"end":{"line":25,"column":23}},"5":{"start":{"line":23,"column":26},"end":{"line":23,"column":41}},"6":{"start":{"line":24,"column":22},"end":{"line":24,"column":35}},"7":{"start":{"line":30,"column":4},"end":{"line":38,"column":7}},"8":{"start":{"line":31,"column":6},"end":{"line":37,"column":23}},"9":{"start":{"line":35,"column":26},"end":{"line":35,"column":41}},"10":{"start":{"line":36,"column":22},"end":{"line":36,"column":35}},"11":{"start":{"line":42,"column":4},"end":{"line":51,"column":7}},"12":{"start":{"line":43,"column":6},"end":{"line":50,"column":23}},"13":{"start":{"line":48,"column":26},"end":{"line":48,"column":41}},"14":{"start":{"line":49,"column":22},"end":{"line":49,"column":35}},"15":{"start":{"line":55,"column":4},"end":{"line":64,"column":7}},"16":{"start":{"line":56,"column":6},"end":{"line":63,"column":23}},"17":{"start":{"line":61,"column":26},"end":{"line":61,"column":41}},"18":{"start":{"line":62,"column":22},"end":{"line":62,"column":35}}},"fnMap":{"0":{"name":"(anonymous_0)","decl":{"start":{"line":5,"column":2},"end":{"line":5,"column":3}},"loc":{"start":{"line":5,"column":11},"end":{"line":8,"column":3}},"line":5},"1":{"name":"(anonymous_1)","decl":{"start":{"line":10,"column":2},"end":{"line":10,"column":3}},"loc":{"start":{"line":10,"column":18},"end":{"line":14,"column":3}},"line":10},"2":{"name":"(anonymous_2)","decl":{"start":{"line":16,"column":2},"end":{"line":16,"column":3}},"loc":{"start":{"line":16,"column":21},"end":{"line":27,"column":3}},"line":16},"3":{"name":"(anonymous_3)","decl":{"start":{"line":17,"column":23},"end":{"line":17,"column":24}},"loc":{"start":{"line":17,"column":44},"end":{"line":26,"column":5}},"line":17},"4":{"name":"(anonymous_4)","decl":{"start":{"line":23,"column":14},"end":{"line":23,"column":15}},"loc":{"start":{"line":23,"column":26},"end":{"line":23,"column":41}},"line":23},"5":{"name":"(anonymous_5)","decl":{"start":{"line":24,"column":14},"end":{"line":24,"column":15}},"loc":{"start":{"line":24,"column":22},"end":{"line":24,"column":35}},"line":24},"6":{"name":"(anonymous_6)","decl":{"start":{"line":29,"column":2},"end":{"line":29,"column":3}},"loc":{"start":{"line":29,"column":13},"end":{"line":39,"column":3}},"line":29},"7":{"name":"(anonymous_7)","decl":{"start":{"line":30,"column":23},"end":{"line":30,"column":24}},"loc":{"start":{"line":30,"column":44},"end":{"line":38,"column":5}},"line":30},"8":{"name":"(anonymous_8)","decl":{"start":{"line":35,"column":14},"end":{"line":35,"column":15}},"loc":{"start":{"line":35,"column":26},"end":{"line":35,"column":41}},"line":35},"9":{"name":"(anonymous_9)","decl":{"start":{"line":36,"column":14},"end":{"line":36,"column":15}},"loc":{"start":{"line":36,"column":22},"end":{"line":36,"column":35}},"line":36},"10":{"name":"(anonymous_10)","decl":{"start":{"line":41,"column":2},"end":{"line":41,"column":3}},"loc":{"start":{"line":41,"column":20},"end":{"line":52,"column":3}},"line":41},"11":{"name":"(anonymous_11)","decl":{"start":{"line":42,"column":23},"end":{"line":42,"column":24}},"loc":{"start":{"line":42,"column":44},"end":{"line":51,"column":5}},"line":42},"12":{"name":"(anonymous_12)","decl":{"start":{"line":48,"column":14},"end":{"line":48,"column":15}},"loc":{"start":{"line":48,"column":26},"end":{"line":48,"column":41}},"line":48},"13":{"name":"(anonymous_13)","decl":{"start":{"line":49,"column":14},"end":{"line":49,"column":15}},"loc":{"start":{"line":49,"column":22},"end":{"line":49,"column":35}},"line":49},"14":{"name":"(anonymous_14)","decl":{"start":{"line":54,"column":2},"end":{"line":54,"column":3}},"loc":{"start":{"line":54,"column":23},"end":{"line":65,"column":3}},"line":54},"15":{"name":"(anonymous_15)","decl":{"start":{"line":55,"column":23},"end":{"line":55,"column":24}},"loc":{"start":{"line":55,"column":44},"end":{"line":64,"column":5}},"line":55},"16":{"name":"(anonymous_16)","decl":{"start":{"line":61,"column":14},"end":{"line":61,"column":15}},"loc":{"start":{"line":61,"column":26},"end":{"line":61,"column":41}},"line":61},"17":{"name":"(anonymous_17)","decl":{"start":{"line":62,"column":14},"end":{"line":62,"column":15}},"loc":{"start":{"line":62,"column":22},"end":{"line":62,"column":35}},"line":62}},"branchMap":{},"s":{"0":7,"1":7,"2":7,"3":1,"4":1,"5":1,"6":1,"7":4,"8":4,"9":1,"10":1,"11":1,"12":1,"13":1,"14":1,"15":1,"16":1,"17":1,"18":1},"f":{"0":7,"1":7,"2":1,"3":1,"4":1,"5":1,"6":4,"7":4,"8":1,"9":1,"10":1,"11":1,"12":1,"13":1,"14":1,"15":1,"16":1,"17":1},"b":{},"_coverageSchema":"332fd63041d2c1bcb487cc26dd0d5f7d97098a6c","hash":"c85bb71d4479de2c23fca391295cd5ba0027dd3a"}
,"D:\\testProjects\\todoList\\src\\http\\index.js": {"path":"D:\\testProjects\\todoList\\src\\http\\index.js","statementMap":{},"fnMap":{},"branchMap":{},"s":{},"f":{},"b":{},"_coverageSchema":"332fd63041d2c1bcb487cc26dd0d5f7d97098a6c","hash":"c2104b7280e054feb87e5ef9b9ea3d88c7e6056e"}
,"D:\\testProjects\\todoList\\src\\stores\\TodoStore.js": {"path":"D:\\testProjects\\todoList\\src\\stores\\TodoStore.js","statementMap":{"0":{"start":{"line":15,"column":4},"end":{"line":21,"column":6}},"1":{"start":{"line":18,"column":10},"end":{"line":18,"column":28}},"2":{"start":{"line":24,"column":4},"end":{"line":24,"column":32}},"3":{"start":{"line":27,"column":4},"end":{"line":27,"column":61}},"4":{"start":{"line":30,"column":4},"end":{"line":30,"column":62}},"5":{"start":{"line":34,"column":4},"end":{"line":34,"column":38}},"6":{"start":{"line":39,"column":4},"end":{"line":42,"column":7}},"7":{"start":{"line":40,"column":6},"end":{"line":40,"column":27}},"8":{"start":{"line":41,"column":6},"end":{"line":41,"column":38}},"9":{"start":{"line":47,"column":4},"end":{"line":47,"column":62}},"10":{"start":{"line":47,"column":31},"end":{"line":47,"column":60}},"11":{"start":{"line":52,"column":4},"end":{"line":54,"column":7}},"12":{"start":{"line":53,"column":6},"end":{"line":53,"column":52}},"13":{"start":{"line":53,"column":36},"end":{"line":53,"column":50}},"14":{"start":{"line":59,"column":4},"end":{"line":65,"column":7}},"15":{"start":{"line":60,"column":6},"end":{"line":64,"column":9}},"16":{"start":{"line":61,"column":8},"end":{"line":63,"column":9}},"17":{"start":{"line":62,"column":10},"end":{"line":62,"column":34}}},"fnMap":{"0":{"name":"(anonymous_0)","decl":{"start":{"line":14,"column":12},"end":{"line":14,"column":13}},"loc":{"start":{"line":14,"column":33},"end":{"line":22,"column":3}},"line":14},"1":{"name":"(anonymous_1)","decl":{"start":{"line":17,"column":8},"end":{"line":17,"column":9}},"loc":{"start":{"line":17,"column":13},"end":{"line":19,"column":9}},"line":17},"2":{"name":"(anonymous_2)","decl":{"start":{"line":23,"column":12},"end":{"line":23,"column":13}},"loc":{"start":{"line":23,"column":28},"end":{"line":25,"column":3}},"line":23},"3":{"name":"(anonymous_3)","decl":{"start":{"line":26,"column":12},"end":{"line":26,"column":13}},"loc":{"start":{"line":26,"column":32},"end":{"line":28,"column":3}},"line":26},"4":{"name":"(anonymous_4)","decl":{"start":{"line":29,"column":12},"end":{"line":29,"column":13}},"loc":{"start":{"line":29,"column":34},"end":{"line":31,"column":3}},"line":29},"5":{"name":"(anonymous_5)","decl":{"start":{"line":33,"column":19},"end":{"line":33,"column":20}},"loc":{"start":{"line":33,"column":31},"end":{"line":35,"column":3}},"line":33},"6":{"name":"(anonymous_6)","decl":{"start":{"line":38,"column":16},"end":{"line":38,"column":17}},"loc":{"start":{"line":38,"column":22},"end":{"line":43,"column":3}},"line":38},"7":{"name":"(anonymous_7)","decl":{"start":{"line":39,"column":23},"end":{"line":39,"column":24}},"loc":{"start":{"line":39,"column":31},"end":{"line":42,"column":5}},"line":39},"8":{"name":"(anonymous_8)","decl":{"start":{"line":46,"column":12},"end":{"line":46,"column":13}},"loc":{"start":{"line":46,"column":20},"end":{"line":48,"column":3}},"line":46},"9":{"name":"(anonymous_9)","decl":{"start":{"line":47,"column":23},"end":{"line":47,"column":24}},"loc":{"start":{"line":47,"column":31},"end":{"line":47,"column":60}},"line":47},"10":{"name":"(anonymous_10)","decl":{"start":{"line":51,"column":15},"end":{"line":51,"column":16}},"loc":{"start":{"line":51,"column":21},"end":{"line":55,"column":3}},"line":51},"11":{"name":"(anonymous_11)","decl":{"start":{"line":52,"column":24},"end":{"line":52,"column":25}},"loc":{"start":{"line":52,"column":32},"end":{"line":54,"column":5}},"line":52},"12":{"name":"(anonymous_12)","decl":{"start":{"line":53,"column":28},"end":{"line":53,"column":29}},"loc":{"start":{"line":53,"column":36},"end":{"line":53,"column":50}},"line":53},"13":{"name":"(anonymous_13)","decl":{"start":{"line":58,"column":21},"end":{"line":58,"column":22}},"loc":{"start":{"line":58,"column":37},"end":{"line":66,"column":3}},"line":58},"14":{"name":"(anonymous_14)","decl":{"start":{"line":59,"column":38},"end":{"line":59,"column":39}},"loc":{"start":{"line":59,"column":46},"end":{"line":65,"column":5}},"line":59},"15":{"name":"(anonymous_15)","decl":{"start":{"line":60,"column":28},"end":{"line":60,"column":29}},"loc":{"start":{"line":60,"column":36},"end":{"line":64,"column":7}},"line":60}},"branchMap":{"0":{"loc":{"start":{"line":61,"column":8},"end":{"line":63,"column":9}},"type":"if","locations":[{"start":{"line":61,"column":8},"end":{"line":63,"column":9}},{"start":{"line":61,"column":8},"end":{"line":63,"column":9}}],"line":61}},"s":{"0":4,"1":2,"2":4,"3":4,"4":4,"5":0,"6":3,"7":0,"8":0,"9":0,"10":0,"11":0,"12":0,"13":0,"14":0,"15":0,"16":0,"17":0},"f":{"0":4,"1":2,"2":4,"3":4,"4":4,"5":0,"6":3,"7":0,"8":0,"9":0,"10":0,"11":0,"12":0,"13":0,"14":0,"15":0},"b":{"0":[0,0]},"_coverageSchema":"332fd63041d2c1bcb487cc26dd0d5f7d97098a6c","hash":"977b289945a881ce07d648dbb3861430ee2d1f1e"}
}
