TN:
SF:D:\testProjects\todoList\src\index.js
FNF:0
FNH:0
DA:1,0
DA:2,0
DA:3,0
DA:4,0
DA:6,0
LF:5
LH:0
BRF:0
BRH:0
end_of_record
TN:
SF:D:\testProjects\todoList\src\apis\TodoApis.js
FN:3,getAllTodos
FN:6,addTodo
FN:9,deleteTodo
FN:12,changeTodoStatus
FNF:4
FNH:4
FNDA:4,getAllTodos
FNDA:1,addTodo
FNDA:1,deleteTodo
FNDA:1,changeTodoStatus
DA:4,4
DA:7,1
DA:10,1
DA:13,1
LF:4
LH:4
BRF:0
BRH:0
end_of_record
TN:
SF:D:\testProjects\todoList\src\components\App.js
FNF:0
FNH:0
DA:1,0
DA:2,0
DA:3,0
DA:4,0
DA:5,0
DA:6,0
DA:9,0
LF:7
LH:0
BRF:0
BRH:0
end_of_record
TN:
SF:D:\testProjects\todoList\src\components\AddTodo\AddTodo.js
FN:12,(anonymous_0)
FNF:1
FNH:1
FNDA:2,(anonymous_0)
DA:12,1
DA:19,2
LF:2
LH:2
BRDA:17,0,0,2
BRF:1
BRH:1
end_of_record
TN:
SF:D:\testProjects\todoList\src\components\AddTodo\index.js
FNF:0
FNH:0
LF:0
LH:0
BRF:0
BRH:0
end_of_record
TN:
SF:D:\testProjects\todoList\src\components\AddTodo\Hoc\WithState.js
FN:9,(anonymous_0)
FN:9,(anonymous_1)
FN:16,(anonymous_2)
FN:16,(anonymous_3)
FN:23,(anonymous_4)
FN:23,(anonymous_5)
FNF:6
FNH:0
FNDA:0,(anonymous_0)
FNDA:0,(anonymous_1)
FNDA:0,(anonymous_2)
FNDA:0,(anonymous_3)
FNDA:0,(anonymous_4)
FNDA:0,(anonymous_5)
DA:4,1
DA:9,1
DA:16,1
DA:23,1
DA:26,1
LF:5
LH:5
BRF:0
BRH:0
end_of_record
TN:
SF:D:\testProjects\todoList\src\components\AddTodo\Hoc\WithSubmitTodo.js
FN:4,(anonymous_0)
FN:16,(anonymous_1)
FN:16,(anonymous_2)
FNF:3
FNH:0
FNDA:0,(anonymous_0)
FNDA:0,(anonymous_1)
FNDA:0,(anonymous_2)
DA:4,1
DA:5,0
DA:6,0
DA:8,0
DA:12,0
DA:15,1
DA:16,0
LF:7
LH:2
BRDA:5,0,0,0
BRDA:5,0,1,0
BRF:2
BRH:0
end_of_record
TN:
SF:D:\testProjects\todoList\src\components\AddTodo\Hoc\WithTodoNameError.js
FN:4,(anonymous_0)
FN:27,(anonymous_1)
FNF:2
FNH:2
FNDA:2,(anonymous_0)
FNDA:2,(anonymous_1)
DA:4,1
DA:5,2
DA:6,2
DA:8,0
DA:9,0
DA:20,0
DA:21,0
DA:22,0
DA:24,0
DA:27,2
LF:10
LH:4
BRDA:5,0,0,2
BRDA:5,0,1,0
BRDA:21,1,0,0
BRDA:21,1,1,0
BRF:4
BRH:1
end_of_record
TN:
SF:D:\testProjects\todoList\src\components\AddTodo\Hoc\index.js
FNF:0
FNH:0
LF:0
LH:0
BRF:0
BRH:0
end_of_record
TN:
SF:D:\testProjects\todoList\src\components\TodoList\TodoList.js
FN:41,(anonymous_0)
FN:56,(anonymous_1)
FNF:2
FNH:1
FNDA:3,(anonymous_0)
FNDA:0,(anonymous_1)
DA:41,1
DA:48,3
DA:57,0
LF:3
LH:2
BRDA:51,0,0,0
BRDA:51,0,1,3
BRDA:53,1,0,0
BRDA:53,1,1,3
BRDA:55,2,0,0
BRDA:55,2,1,3
BRF:6
BRH:3
end_of_record
TN:
SF:D:\testProjects\todoList\src\components\TodoList\demo.js
FN:10,Demo
FNF:1
FNH:0
FNDA:0,Demo
DA:3,0
DA:10,0
DA:11,0
LF:3
LH:0
BRF:0
BRH:0
end_of_record
TN:
SF:D:\testProjects\todoList\src\components\TodoList\index.js
FNF:0
FNH:0
LF:0
LH:0
BRF:0
BRH:0
end_of_record
TN:
SF:D:\testProjects\todoList\src\components\TodoList\Hoc\index.js
FNF:0
FNH:0
LF:0
LH:0
BRF:0
BRH:0
end_of_record
TN:
SF:D:\testProjects\todoList\src\components\TodoList\Hoc\withLifecycle.js
FNF:0
FNH:0
DA:3,1
DA:5,3
LF:2
LH:2
BRF:0
BRH:0
end_of_record
TN:
SF:D:\testProjects\todoList\src\components\TodoList\Hoc\withProps.js
FN:4,(anonymous_0)
FNF:1
FNH:1
FNDA:3,(anonymous_0)
DA:4,3
LF:1
LH:1
BRF:0
BRH:0
end_of_record
TN:
SF:D:\testProjects\todoList\src\components\TodoList\TodoElement\TodoElement.js
FN:4,(anonymous_0)
FNF:1
FNH:1
FNDA:5,(anonymous_0)
DA:4,1
DA:5,5
LF:2
LH:2
BRF:0
BRH:0
end_of_record
TN:
SF:D:\testProjects\todoList\src\components\TodoList\TodoElement\index.js
FNF:0
FNH:0
LF:0
LH:0
BRF:0
BRH:0
end_of_record
TN:
SF:D:\testProjects\todoList\src\components\TodoList\TodoElement\Hoc\index.js
FNF:0
FNH:0
LF:0
LH:0
BRF:0
BRH:0
end_of_record
TN:
SF:D:\testProjects\todoList\src\components\TodoList\TodoElement\Hoc\withHandler.js
FN:4,(anonymous_0)
FN:8,(anonymous_1)
FN:13,(anonymous_2)
FN:13,(anonymous_3)
FN:14,(anonymous_4)
FN:14,(anonymous_5)
FNF:6
FNH:0
FNDA:0,(anonymous_0)
FNDA:0,(anonymous_1)
FNDA:0,(anonymous_2)
FNDA:0,(anonymous_3)
FNDA:0,(anonymous_4)
FNDA:0,(anonymous_5)
DA:4,1
DA:5,0
DA:8,1
DA:9,0
DA:12,1
DA:13,0
DA:14,0
LF:7
LH:3
BRF:0
BRH:0
end_of_record
TN:
SF:D:\testProjects\todoList\src\http\RestClient.js
FN:5,(anonymous_0)
FN:10,(anonymous_1)
FN:16,(anonymous_2)
FN:17,(anonymous_3)
FN:23,(anonymous_4)
FN:24,(anonymous_5)
FN:29,(anonymous_6)
FN:30,(anonymous_7)
FN:35,(anonymous_8)
FN:36,(anonymous_9)
FN:41,(anonymous_10)
FN:42,(anonymous_11)
FN:48,(anonymous_12)
FN:49,(anonymous_13)
FN:54,(anonymous_14)
FN:55,(anonymous_15)
FN:61,(anonymous_16)
FN:62,(anonymous_17)
FNF:18
FNH:18
FNDA:7,(anonymous_0)
FNDA:7,(anonymous_1)
FNDA:1,(anonymous_2)
FNDA:1,(anonymous_3)
FNDA:1,(anonymous_4)
FNDA:1,(anonymous_5)
FNDA:4,(anonymous_6)
FNDA:4,(anonymous_7)
FNDA:1,(anonymous_8)
FNDA:1,(anonymous_9)
FNDA:1,(anonymous_10)
FNDA:1,(anonymous_11)
FNDA:1,(anonymous_12)
FNDA:1,(anonymous_13)
FNDA:1,(anonymous_14)
FNDA:1,(anonymous_15)
FNDA:1,(anonymous_16)
FNDA:1,(anonymous_17)
DA:6,7
DA:7,7
DA:11,7
DA:17,1
DA:18,1
DA:23,1
DA:24,1
DA:30,4
DA:31,4
DA:35,1
DA:36,1
DA:42,1
DA:43,1
DA:48,1
DA:49,1
DA:55,1
DA:56,1
DA:61,1
DA:62,1
LF:19
LH:19
BRF:0
BRH:0
end_of_record
TN:
SF:D:\testProjects\todoList\src\http\index.js
FNF:0
FNH:0
LF:0
LH:0
BRF:0
BRH:0
end_of_record
TN:
SF:D:\testProjects\todoList\src\stores\TodoStore.js
FN:14,(anonymous_0)
FN:17,(anonymous_1)
FN:23,(anonymous_2)
FN:26,(anonymous_3)
FN:29,(anonymous_4)
FN:33,(anonymous_5)
FN:38,(anonymous_6)
FN:39,(anonymous_7)
FN:46,(anonymous_8)
FN:47,(anonymous_9)
FN:51,(anonymous_10)
FN:52,(anonymous_11)
FN:53,(anonymous_12)
FN:58,(anonymous_13)
FN:59,(anonymous_14)
FN:60,(anonymous_15)
FNF:16
FNH:6
FNDA:4,(anonymous_0)
FNDA:2,(anonymous_1)
FNDA:4,(anonymous_2)
FNDA:4,(anonymous_3)
FNDA:4,(anonymous_4)
FNDA:0,(anonymous_5)
FNDA:3,(anonymous_6)
FNDA:0,(anonymous_7)
FNDA:0,(anonymous_8)
FNDA:0,(anonymous_9)
FNDA:0,(anonymous_10)
FNDA:0,(anonymous_11)
FNDA:0,(anonymous_12)
FNDA:0,(anonymous_13)
FNDA:0,(anonymous_14)
FNDA:0,(anonymous_15)
DA:15,4
DA:18,2
DA:24,4
DA:27,4
DA:30,4
DA:34,0
DA:39,3
DA:40,0
DA:41,0
DA:47,0
DA:52,0
DA:53,0
DA:59,0
DA:60,0
DA:61,0
DA:62,0
LF:16
LH:6
BRDA:61,0,0,0
BRDA:61,0,1,0
BRF:2
BRH:0
end_of_record
